0 verbose cli C:\Program Files\nodejs\node.exe C:\Program Files\nodejs\node_modules\npm\bin\npm-cli.js
1 info using npm@10.9.3
2 info using node@v22.19.0
3 silly config load:file:C:\Program Files\nodejs\node_modules\npm\npmrc
4 silly config load:file:C:\Users\RAHUL\OneDrive\Desktop\Placement\portfolio\.npmrc
5 silly config load:file:C:\Users\RAHUL\.npmrc
6 silly config load:file:C:\Users\RAHUL\AppData\Roaming\npm\etc\npmrc
7 verbose title npm install
8 verbose argv "install"
9 verbose logfile logs-max:10 dir:C:\Users\RAHUL\OneDrive\Desktop\Placement\.npm-cache\_logs\2026-04-03T16_24_02_299Z-
10 verbose logfile C:\Users\RAHUL\OneDrive\Desktop\Placement\.npm-cache\_logs\2026-04-03T16_24_02_299Z-debug-0.log
11 silly logfile done cleaning log files
12 silly packumentCache heap:2197815296 maxSize:549453824 maxEntrySize:274726912
13 silly idealTree buildDeps
14 silly fetch manifest framer-motion@^10.12.16
15 silly packumentCache full:https://registry.npmjs.org/framer-motion cache-miss
16 http fetch GET https://registry.npmjs.org/npm attempt 1 failed with EACCES
17 http fetch GET https://registry.npmjs.org/framer-motion attempt 1 failed with EACCES
18 http fetch GET https://registry.npmjs.org/npm attempt 2 failed with EACCES
19 http fetch GET https://registry.npmjs.org/framer-motion attempt 2 failed with EACCES
20 http fetch GET https://registry.npmjs.org/npm attempt 3 failed with EACCES
21 http fetch GET https://registry.npmjs.org/framer-motion attempt 3 failed with EACCES
22 silly fetch manifest react@^19.2.4
23 silly packumentCache full:https://registry.npmjs.org/react cache-miss
24 http fetch GET https://registry.npmjs.org/react attempt 1 failed with EACCES
25 http fetch GET https://registry.npmjs.org/react attempt 2 failed with EACCES
26 http fetch GET https://registry.npmjs.org/react attempt 3 failed with EACCES
27 silly fetch manifest react-dom@^19.2.4
28 silly packumentCache full:https://registry.npmjs.org/react-dom cache-miss
29 http fetch GET https://registry.npmjs.org/react-dom attempt 1 failed with EACCES
30 http fetch GET https://registry.npmjs.org/react-dom attempt 2 failed with EACCES
31 http fetch GET https://registry.npmjs.org/react-dom attempt 3 failed with EACCES
32 silly fetch manifest autoprefixer@^10.4.24
33 silly packumentCache full:https://registry.npmjs.org/autoprefixer cache-miss
34 http fetch GET https://registry.npmjs.org/autoprefixer attempt 1 failed with EACCES
35 http fetch GET https://registry.npmjs.org/autoprefixer attempt 2 failed with EACCES
